<?xml version="1.0" encoding="UTF-8"?>
<!-- Generated by org.testng.reporters.JUnitReportReporter -->
<testsuite hostname="LAPTOP-7UOI14JD" failures="0" tests="3" name="ecom.mavenp1.PopitemsTest" time="107.241" errors="0" timestamp="05 Dec 2023 15:17:14 GMT" skipped="0">
  <testcase classname="ecom.mavenp1.PopitemsTest" name="laptoptest" time="34.362"/>
  <testcase classname="ecom.mavenp1.PopitemsTest" name="spktest" time="40.053"/>
  <testcase classname="ecom.mavenp1.PopitemsTest" name="tablestest" time="32.826"/>
</testsuite> <!-- ecom.mavenp1.PopitemsTest -->
