<?xml version="1.0" encoding="UTF-8"?>
<!-- Generated by org.testng.reporters.JUnitReportReporter -->
<testsuite hostname="LAPTOP-7UOI14JD" failures="0" tests="1" name="ecom.mavenp1.FirstTest" time="11.665" errors="0" timestamp="23 Nov 2023 15:47:32 GMT" skipped="0">
  <testcase classname="ecom.mavenp1.FirstTest" name="test1" time="11.665"/>
</testsuite> <!-- ecom.mavenp1.FirstTest -->
